[      -2ms] [ERROR] Failed to load resource: the server responded with a status of 403 () @ https://www.zhihu.com/people/idle-24-76:0
[   23092ms] [ERROR] 加载WebView模块失败: TypeError: r is not a function
    at Object.RCqe (https://static.zhihu.com/amadeus-rn/web/shared-65f38b9024991d61.d44fbba016d365e9.js:1:1202)
    at r (https://www.zhihu.com/appview/rn/ModuleFederation.js:1:248)
    at Module.arme (https://static.zhihu.com/amadeus-rn/web/shared-65f38b9024991d61.d44fbba016d365e9.js:1:1049)
    at r (https://www.zhihu.com/appview/rn/ModuleFederation.js:1:248)
    at 0Qfx (https://static.zhihu.com/amadeus-rn/web/shared-65f38b9024991d61.d44fbba016d365e9.js:1:3164)
    at r (https://www.zhihu.com/appview/rn/ModuleFederation.js:1:248)
    at ok/i (https://static.zhihu.com/amadeus-rn/web/shared-65f38b9024991d61.d44fbba016d365e9.js:1:8872)
    at r (https://www.zhihu.com/appview/rn/ModuleFederation.js:1:248)
    at Module.RcoR (https://static.zhihu.com/amadeus-rn/web/shared-65f38b9024991d61.d44fbba016d365e9.js:1:18808)
    at r (https://www.zhihu.com/appview/rn/ModuleFederation.js:1:248)
    at Module.zPWS (https://static.zhihu.com/amadeus-rn/web/shared-65f38b9024991d61.d44fbba016d365e9.js:1:55206)
    at r (https://www.zhihu.com/appview/rn/ModuleFederation.js:1:248)
    at Module.TrWo (https://static.zhihu.com/amadeus-rn/web/shared-5c7116661fa9efb0.662f48b6f13abe32.js:1:125178)
    at r (https://www.zhihu.com/appview/rn/ModuleFederation.js:1:248)
    at Module.VA61 (https://static.zhihu.com/amadeus-rn/web/shared-5c7116661fa9efb0.662f48b6f13abe32.js:1:99520)
    at r (https://www.zhihu.com/appview/rn/ModuleFederation.js:1:248)
    at Module.gdiQ (https://static.zhihu.com/amadeus-rn/web/shared-5c7116661fa9efb0.662f48b6f13abe32.js:1:100315)
    at r (https://www.zhihu.com/appview/rn/ModuleFederation.js:1:248)
    at 5DFK (https://static.zhihu.com/amadeus-rn/web/shared-443d90435bc51ca0.c5a241b9242da610.js:1:35116)
    at r (https://www.zhihu.com/appview/rn/ModuleFederation.js:1:248)
    at Module.IQ9y (https://static.zhihu.com/amadeus-rn/web/pages_ZhidaPage_webPages_AIPanel_index_tsx.7928c7d3708fe3af.js:1:445)
    at r (https://www.zhihu.com/appview/rn/ModuleFederation.js:1:248)
    at https://www.zhihu.com/appview/rn/ModuleFederation.js:1:13839
    at https://static.zhihu.com/heifetz/lib-fae4f1f9.app.8210fbad01cca9b08efe.js:1:4830
    at ed (https://static.zhihu.com/heifetz/6748.app.ea74bdc60dc14999fe4d.js:84:358430)
    at Object.next (https://static.zhihu.com/heifetz/6748.app.ea74bdc60dc14999fe4d.js:84:357636)
    at ec (https://static.zhihu.com/heifetz/6748.app.ea74bdc60dc14999fe4d.js:84:91830)
    at eh (https://static.zhihu.com/heifetz/6748.app.ea74bdc60dc14999fe4d.js:84:92051) @ https://unpkg.zhimg.com/@cfe/sentry-script@1.3.1/dist/init.js:0
[   23275ms] [ERROR] Failed to load resource: the server responded with a status of 401 () @ https://www.zhihu.com/api/v3/moments/idle-24-76/activities?offset=1768297576091&page_num=1:0
[   23337ms] ResponseError: request https://www.zhihu.com/api/v3/moments/idle-24-76/activities?offset=1768297576091&page_num=1 with extra of {"headers":{"x-api-version":"3.0.40","x-requested-with":"fetch","x-zse-93":"101_3_3.0","x-zse-96":"2.0_1rXKJb7IuiwoGfDTTA8mj6UY3seDue50AJ6aamWsNsHSSdSYa9rIeOdzyqXmO8X9","x-zst-81":"3_2.0VhnTj77m-qofgh3TxTnq2_Qq2LYuDhV80wSL7iUZQ6nxELtqm4fBJCHMiqHPD4S1hCS974e1DrNPAQLYlUefii7q26fp2L2ZKgSfnveCgrNOQwXTt_Fq6DQye8t9DGwT9RFZQAuTLbHP2GomybO1VhRTQ6kp-XxmxgNK-GNTjTkxkhkKh0PhHix_F0fsfhY8sMCmuqNObHwx6BSm6UxOCwO1eqC_ubS8nGVqkUOGWg3MoiHChwgGFH_z67pY29wfRwXBEJOy1wcOnvOCHBVLaJOfXvXmSHLOBCeVJhufNwH8-vHfGiO_2MQMHUxOVGCGFGY0NJLmBhYpSw3CPhSY6LNfghOV_qxm8HXKWgxC-rSs"},"credentials":"include","failsafe":true,"timeout":3000} failed, status: 401
    at https://static.zhihu.com/heifetz/main.app.e8bbf6b3dbfc34a47381.js:1:233584
